TDL2048-Demo
alpha = 0.1
total = 300000
seed = 2029361998
4-tuple pattern 0123, size = 65536 (256KB)
4-tuple pattern 4567, size = 65536 (256KB)
4-tuple pattern 569a, size = 65536 (256KB)
5-tuple pattern 01567, size = 1048576 (4MB)
5-tuple pattern 459ab, size = 1048576 (4MB)
6-tuple pattern 012345, size = 16777216 (64MB)
6-tuple pattern 456789, size = 16777216 (64MB)
6-tuple pattern 012456, size = 16777216 (64MB)
6-tuple pattern 45689a, size = 16777216 (64MB)
1000	mean = 5923.98	max = 24916
	32	100%	(0.3%)
	64	99.7%	(3.2%)
	128	96.5%	(13.6%)
	256	82.9%	(32.4%)
	512	50.5%	(39.3%)
	1024	11.2%	(11%)
	2048	0.2%	(0.2%)
2000	mean = 12889.9	max = 35984
	128	100%	(0.3%)
	256	99.7%	(7.4%)
	512	92.3%	(35.3%)
	1024	57%	(50%)
	2048	7%	(7%)
3000	mean = 16833.2	max = 50652
	64	100%	(0.1%)
	128	99.9%	(0.3%)
	256	99.6%	(3.1%)
	512	96.5%	(19.9%)
	1024	76.6%	(59.7%)
	2048	16.9%	(16.8%)
	4096	0.1%	(0.1%)
4000	mean = 20105.3	max = 47804
	64	100%	(0.1%)
	128	99.9%	(0.5%)
	256	99.4%	(1.6%)
	512	97.8%	(15.4%)
	1024	82.4%	(51.2%)
	2048	31.2%	(31.1%)
	4096	0.1%	(0.1%)
5000	mean = 22435.9	max = 58080
	64	100%	(0.1%)
	128	99.9%	(0.1%)
	256	99.8%	(2.1%)
	512	97.7%	(10.3%)
	1024	87.4%	(48%)
	2048	39.4%	(37.8%)
	4096	1.6%	(1.6%)
6000	mean = 25283.9	max = 69748
	128	100%	(0.3%)
	256	99.7%	(0.9%)
	512	98.8%	(8.2%)
	1024	90.6%	(39.3%)
	2048	51.3%	(49.1%)
	4096	2.2%	(2.2%)
7000	mean = 26432	max = 81024
	64	100%	(0.1%)
	128	99.9%	(0.4%)
	256	99.5%	(1.5%)
	512	98%	(7.5%)
	1024	90.5%	(37.1%)
	2048	53.4%	(49.7%)
	4096	3.7%	(3.7%)
8000	mean = 27580.6	max = 78868
	128	100%	(0.2%)
	256	99.8%	(1.1%)
	512	98.7%	(6.8%)
	1024	91.9%	(35.5%)
	2048	56.4%	(51.6%)
	4096	4.8%	(4.8%)
9000	mean = 29463.1	max = 76976
	128	100%	(0.1%)
	256	99.9%	(0.7%)
	512	99.2%	(6.4%)
	1024	92.8%	(29.2%)
	2048	63.6%	(56.9%)
	4096	6.7%	(6.7%)
10000	mean = 31246.1	max = 77136
	64	100%	(0.1%)
	128	99.9%	(0.1%)
	256	99.8%	(0.9%)
	512	98.9%	(6.1%)
	1024	92.8%	(27.3%)
	2048	65.5%	(54.3%)
	4096	11.2%	(11.2%)
11000	mean = 33341.7	max = 82408
	128	100%	(0.4%)
	256	99.6%	(0.7%)
	512	98.9%	(4.3%)
	1024	94.6%	(23.2%)
	2048	71.4%	(58.1%)
	4096	13.3%	(13.3%)
12000	mean = 33904.5	max = 86100
	64	100%	(0.1%)
	128	99.9%	(0.1%)
	256	99.8%	(0.8%)
	512	99%	(5%)
	1024	94%	(24.4%)
	2048	69.6%	(52.6%)
	4096	17%	(17%)
13000	mean = 35225	max = 86772
	64	100%	(0.1%)
	128	99.9%	(0.5%)
	256	99.4%	(0.6%)
	512	98.8%	(4.8%)
	1024	94%	(21.6%)
	2048	72.4%	(55%)
	4096	17.4%	(17.4%)
14000	mean = 35910.8	max = 90220
	64	100%	(0.1%)
	128	99.9%	(0.3%)
	256	99.6%	(1.3%)
	512	98.3%	(4%)
	1024	94.3%	(20.6%)
	2048	73.7%	(54.3%)
	4096	19.4%	(19.4%)
15000	mean = 37735.3	max = 100676
	128	100%	(0.1%)
	256	99.9%	(0.4%)
	512	99.5%	(4.5%)
	1024	95%	(17.8%)
	2048	77.2%	(55.9%)
	4096	21.3%	(21.2%)
	8192	0.1%	(0.1%)
16000	mean = 38784.2	max = 90292
	128	100%	(0.1%)
	256	99.9%	(1%)
	512	98.9%	(4%)
	1024	94.9%	(15.4%)
	2048	79.5%	(56.3%)
	4096	23.2%	(23.2%)
17000	mean = 38168.1	max = 88780
	64	100%	(0.1%)
	128	99.9%	(0.2%)
	256	99.7%	(0.7%)
	512	99%	(3.9%)
	1024	95.1%	(15.4%)
	2048	79.7%	(58.6%)
	4096	21.1%	(21.1%)
18000	mean = 39300.5	max = 98296
	64	100%	(0.2%)
	128	99.8%	(0.1%)
	256	99.7%	(1.2%)
	512	98.5%	(3.1%)
	1024	95.4%	(14.2%)
	2048	81.2%	(57.1%)
	4096	24.1%	(24%)
	8192	0.1%	(0.1%)
19000	mean = 39780.1	max = 91788
	64	100%	(0.2%)
	256	99.8%	(1.4%)
	512	98.4%	(3.4%)
	1024	95%	(16%)
	2048	79%	(51.2%)
	4096	27.8%	(27.8%)
20000	mean = 41256.2	max = 115140
	128	100%	(0.3%)
	256	99.7%	(0.9%)
	512	98.8%	(4.1%)
	1024	94.7%	(14.8%)
	2048	79.9%	(48.5%)
	4096	31.4%	(31.3%)
	8192	0.1%	(0.1%)
21000	mean = 43073	max = 120948
	64	100%	(0.1%)
	128	99.9%	(0.2%)
	256	99.7%	(0.9%)
	512	98.8%	(3.4%)
	1024	95.4%	(12.2%)
	2048	83.2%	(48%)
	4096	35.2%	(34.9%)
	8192	0.3%	(0.3%)
22000	mean = 44153.3	max = 103088
	128	100%	(0.2%)
	256	99.8%	(0.7%)
	512	99.1%	(3.8%)
	1024	95.3%	(12%)
	2048	83.3%	(44.4%)
	4096	38.9%	(38.8%)
	8192	0.1%	(0.1%)
23000	mean = 44788.3	max = 124120
	64	100%	(0.1%)
	256	99.9%	(0.6%)
	512	99.3%	(4.8%)
	1024	94.5%	(12.1%)
	2048	82.4%	(40.1%)
	4096	42.3%	(42.1%)
	8192	0.2%	(0.2%)
24000	mean = 45497.7	max = 120052
	64	100%	(0.1%)
	256	99.9%	(1.1%)
	512	98.8%	(3.1%)
	1024	95.7%	(10.1%)
	2048	85.6%	(43%)
	4096	42.6%	(42.3%)
	8192	0.3%	(0.3%)
25000	mean = 47416.5	max = 121140
	128	100%	(0.1%)
	256	99.9%	(0.6%)
	512	99.3%	(3.4%)
	1024	95.9%	(10.6%)
	2048	85.3%	(37.2%)
	4096	48.1%	(47.5%)
	8192	0.6%	(0.6%)
26000	mean = 48821.5	max = 143828
	128	100%	(0.1%)
	256	99.9%	(0.4%)
	512	99.5%	(3.6%)
	1024	95.9%	(12.2%)
	2048	83.7%	(33%)
	4096	50.7%	(49.4%)
	8192	1.3%	(1.3%)
27000	mean = 48709.3	max = 134300
	128	100%	(0.2%)
	256	99.8%	(0.3%)
	512	99.5%	(3.7%)
	1024	95.8%	(10.8%)
	2048	85%	(34.7%)
	4096	50.3%	(49.4%)
	8192	0.9%	(0.9%)
28000	mean = 51076.8	max = 142312
	128	100%	(0.1%)
	256	99.9%	(1.1%)
	512	98.8%	(4%)
	1024	94.8%	(9.6%)
	2048	85.2%	(30.1%)
	4096	55.1%	(53.4%)
	8192	1.7%	(1.7%)
29000	mean = 51841.6	max = 140172
	64	100%	(0.1%)
	128	99.9%	(0.1%)
	256	99.8%	(0.4%)
	512	99.4%	(2.5%)
	1024	96.9%	(11.7%)
	2048	85.2%	(29.9%)
	4096	55.3%	(53.2%)
	8192	2.1%	(2.1%)
30000	mean = 53678.9	max = 143248
	256	100%	(0.6%)
	512	99.4%	(2.6%)
	1024	96.8%	(9.7%)
	2048	87.1%	(26.5%)
	4096	60.6%	(58.8%)
	8192	1.8%	(1.8%)
31000	mean = 52447.6	max = 132824
	128	100%	(0.1%)
	256	99.9%	(0.4%)
	512	99.5%	(2.6%)
	1024	96.9%	(11%)
	2048	85.9%	(29.7%)
	4096	56.2%	(53.8%)
	8192	2.4%	(2.4%)
32000	mean = 55175.3	max = 143896
	128	100%	(0.1%)
	256	99.9%	(0.2%)
	512	99.7%	(3.2%)
	1024	96.5%	(9%)
	2048	87.5%	(26.3%)
	4096	61.2%	(59.1%)
	8192	2.1%	(2.1%)
33000	mean = 55617.8	max = 144156
	256	100%	(0.9%)
	512	99.1%	(3.1%)
	1024	96%	(8.4%)
	2048	87.6%	(26.2%)
	4096	61.4%	(58.5%)
	8192	2.9%	(2.9%)
34000	mean = 57952.9	max = 144560
	256	100%	(0.5%)
	512	99.5%	(3%)
	1024	96.5%	(7.6%)
	2048	88.9%	(23.8%)
	4096	65.1%	(61.7%)
	8192	3.4%	(3.4%)
35000	mean = 57187.9	max = 153000
	128	100%	(0.1%)
	256	99.9%	(0.5%)
	512	99.4%	(3%)
	1024	96.4%	(7.3%)
	2048	89.1%	(26.2%)
	4096	62.9%	(59.5%)
	8192	3.4%	(3.4%)
36000	mean = 57299.7	max = 143160
	128	100%	(0.1%)
	256	99.9%	(0.3%)
	512	99.6%	(3%)
	1024	96.6%	(9.5%)
	2048	87.1%	(23.7%)
	4096	63.4%	(60.5%)
	8192	2.9%	(2.9%)
37000	mean = 58055.7	max = 152716
	256	100%	(0.6%)
	512	99.4%	(2.4%)
	1024	97%	(8.2%)
	2048	88.8%	(25.4%)
	4096	63.4%	(59.4%)
	8192	4%	(4%)
38000	mean = 59946.6	max = 135428
	256	100%	(0.6%)
	512	99.4%	(2.6%)
	1024	96.8%	(7.7%)
	2048	89.1%	(21.5%)
	4096	67.6%	(64.2%)
	8192	3.4%	(3.4%)
39000	mean = 59152.1	max = 144004
	256	100%	(0.3%)
	512	99.7%	(2.3%)
	1024	97.4%	(7.4%)
	2048	90%	(25.5%)
	4096	64.5%	(60.7%)
	8192	3.8%	(3.8%)
40000	mean = 58562.1	max = 152192
	256	100%	(0.2%)
	512	99.8%	(3.2%)
	1024	96.6%	(8.1%)
	2048	88.5%	(24.3%)
	4096	64.2%	(60.1%)
	8192	4.1%	(4.1%)
41000	mean = 61427.1	max = 151016
	32	100%	(0.1%)
	256	99.9%	(0.9%)
	512	99%	(2.3%)
	1024	96.7%	(8%)
	2048	88.7%	(21.5%)
	4096	67.2%	(61.5%)
	8192	5.7%	(5.7%)
42000	mean = 60797	max = 144372
	256	100%	(0.2%)
	512	99.8%	(2.5%)
	1024	97.3%	(7.6%)
	2048	89.7%	(22.6%)
	4096	67.1%	(62%)
	8192	5.1%	(5.1%)
43000	mean = 61460.5	max = 153420
	128	100%	(0.1%)
	256	99.9%	(0.5%)
	512	99.4%	(2%)
	1024	97.4%	(7.3%)
	2048	90.1%	(21.6%)
	4096	68.5%	(63.9%)
	8192	4.6%	(4.6%)
44000	mean = 62232.1	max = 151188
	256	100%	(0.5%)
	512	99.5%	(2.4%)
	1024	97.1%	(7.3%)
	2048	89.8%	(21.3%)
	4096	68.5%	(61.7%)
	8192	6.8%	(6.8%)
45000	mean = 61922.2	max = 143908
	128	100%	(0.1%)
	256	99.9%	(0.5%)
	512	99.4%	(2.2%)
	1024	97.2%	(6.4%)
	2048	90.8%	(22.6%)
	4096	68.2%	(61.8%)
	8192	6.4%	(6.4%)
46000	mean = 63347.5	max = 146580
	256	100%	(0.4%)
	512	99.6%	(1.9%)
	1024	97.7%	(6.1%)
	2048	91.6%	(22%)
	4096	69.6%	(62.8%)
	8192	6.8%	(6.8%)
47000	mean = 63125.1	max = 148876
	128	100%	(0.1%)
	256	99.9%	(0.3%)
	512	99.6%	(2.7%)
	1024	96.9%	(7.1%)
	2048	89.8%	(21.4%)
	4096	68.4%	(60.1%)
	8192	8.3%	(8.3%)
48000	mean = 63677.7	max = 144772
	512	100%	(2.1%)
	1024	97.9%	(5.5%)
	2048	92.4%	(21.9%)
	4096	70.5%	(63.5%)
	8192	7%	(7%)
49000	mean = 64080.5	max = 149900
	256	100%	(0.4%)
	512	99.6%	(2.2%)
	1024	97.4%	(6.6%)
	2048	90.8%	(18.8%)
	4096	72%	(65%)
	8192	7%	(7%)
50000	mean = 64907.7	max = 152720
	256	100%	(0.4%)
	512	99.6%	(2%)
	1024	97.6%	(6.9%)
	2048	90.7%	(18.3%)
	4096	72.4%	(65.5%)
	8192	6.9%	(6.9%)
51000	mean = 65802.9	max = 165956
	256	100%	(0.6%)
	512	99.4%	(2.5%)
	1024	96.9%	(7.1%)
	2048	89.8%	(17.3%)
	4096	72.5%	(62.6%)
	8192	9.9%	(9.9%)
52000	mean = 64273	max = 151264
	256	100%	(0.4%)
	512	99.6%	(2.2%)
	1024	97.4%	(6.4%)
	2048	91%	(21.6%)
	4096	69.4%	(60.8%)
	8192	8.6%	(8.6%)
53000	mean = 65773.9	max = 145120
	256	100%	(0.1%)
	512	99.9%	(1.4%)
	1024	98.5%	(5.4%)
	2048	93.1%	(19.9%)
	4096	73.2%	(65.5%)
	8192	7.7%	(7.7%)
54000	mean = 64084.4	max = 163484
	256	100%	(0.7%)
	512	99.3%	(2.3%)
	1024	97%	(6.4%)
	2048	90.6%	(20%)
	4096	70.6%	(62.3%)
	8192	8.3%	(8.3%)
55000	mean = 65412.1	max = 155756
	256	100%	(0.4%)
	512	99.6%	(2.3%)
	1024	97.3%	(5.8%)
	2048	91.5%	(19.1%)
	4096	72.4%	(63.1%)
	8192	9.3%	(9.3%)
56000	mean = 65626.2	max = 171640
	256	100%	(0.3%)
	512	99.7%	(2.6%)
	1024	97.1%	(5.9%)
	2048	91.2%	(19.3%)
	4096	71.9%	(62.6%)
	8192	9.3%	(9.3%)
57000	mean = 66958.4	max = 165404
	128	100%	(0.1%)
	512	99.9%	(1.9%)
	1024	98%	(6.3%)
	2048	91.7%	(18.4%)
	4096	73.3%	(63.8%)
	8192	9.5%	(9.5%)
58000	mean = 66596.4	max = 161560
	256	100%	(0.4%)
	512	99.6%	(2.3%)
	1024	97.3%	(6.9%)
	2048	90.4%	(17.8%)
	4096	72.6%	(61.9%)
	8192	10.7%	(10.7%)
59000	mean = 67582.4	max = 165476
	256	100%	(0.4%)
	512	99.6%	(1.1%)
	1024	98.5%	(6.8%)
	2048	91.7%	(16.9%)
	4096	74.8%	(64.9%)
	8192	9.9%	(9.9%)
60000	mean = 66540.4	max = 171516
	256	100%	(0.1%)
	512	99.9%	(2.9%)
	1024	97%	(5.2%)
	2048	91.8%	(19.4%)
	4096	72.4%	(62.6%)
	8192	9.8%	(9.8%)
61000	mean = 68107.2	max = 163360
	128	100%	(0.1%)
	256	99.9%	(0.5%)
	512	99.4%	(1.9%)
	1024	97.5%	(5.7%)
	2048	91.8%	(18.3%)
	4096	73.5%	(62.2%)
	8192	11.3%	(11.3%)
62000	mean = 67417.4	max = 162228
	256	100%	(0.3%)
	512	99.7%	(2.2%)
	1024	97.5%	(6.2%)
	2048	91.3%	(17.7%)
	4096	73.6%	(62%)
	8192	11.6%	(11.6%)
63000	mean = 68094.5	max = 172412
	256	100%	(0.4%)
	512	99.6%	(2.4%)
	1024	97.2%	(6.3%)
	2048	90.9%	(18.5%)
	4096	72.4%	(59.2%)
	8192	13.2%	(13.2%)
64000	mean = 71024.3	max = 158948
	256	100%	(0.3%)
	512	99.7%	(2%)
	1024	97.7%	(6.6%)
	2048	91.1%	(13.8%)
	4096	77.3%	(61.3%)
	8192	16%	(16%)
65000	mean = 70086.4	max = 172948
	256	100%	(0.6%)
	512	99.4%	(1.8%)
	1024	97.6%	(5.8%)
	2048	91.8%	(17%)
	4096	74.8%	(60.1%)
	8192	14.7%	(14.7%)
66000	mean = 70874	max = 168200
	128	100%	(0.1%)
	256	99.9%	(0.4%)
	512	99.5%	(1.9%)
	1024	97.6%	(6.5%)
	2048	91.1%	(15.4%)
	4096	75.7%	(59.8%)
	8192	15.9%	(15.9%)
67000	mean = 70916.9	max = 168072
	128	100%	(0.1%)
	256	99.9%	(0.6%)
	512	99.3%	(2.1%)
	1024	97.2%	(6.6%)
	2048	90.6%	(17.4%)
	4096	73.2%	(55.1%)
	8192	18.1%	(18.1%)
68000	mean = 71726.5	max = 177236
	256	100%	(0.6%)
	512	99.4%	(1.6%)
	1024	97.8%	(7.6%)
	2048	90.2%	(16.6%)
	4096	73.6%	(55.6%)
	8192	18%	(18%)
69000	mean = 70055.4	max = 168532
	256	100%	(0.5%)
	512	99.5%	(1.9%)
	1024	97.6%	(6%)
	2048	91.6%	(18.3%)
	4096	73.3%	(56.9%)
	8192	16.4%	(16.4%)
70000	mean = 73653.9	max = 168116
	256	100%	(1%)
	512	99%	(1.7%)
	1024	97.3%	(5.5%)
	2048	91.8%	(15.8%)
	4096	76%	(55.8%)
	8192	20.2%	(20.2%)
71000	mean = 73207.6	max = 176384
	256	100%	(0.4%)
	512	99.6%	(2.2%)
	1024	97.4%	(6.5%)
	2048	90.9%	(15.2%)
	4096	75.7%	(56.3%)
	8192	19.4%	(19.4%)
72000	mean = 72214.3	max = 175512
	256	100%	(0.4%)
	512	99.6%	(2%)
	1024	97.6%	(6.4%)
	2048	91.2%	(16.7%)
	4096	74.5%	(55.7%)
	8192	18.8%	(18.8%)
73000	mean = 74251.5	max = 176148
	256	100%	(0.3%)
	512	99.7%	(2.8%)
	1024	96.9%	(5.7%)
	2048	91.2%	(15.3%)
	4096	75.9%	(54.5%)
	8192	21.4%	(21.4%)
74000	mean = 74024.8	max = 170524
	128	100%	(0.1%)
	256	99.9%	(0.6%)
	512	99.3%	(2.4%)
	1024	96.9%	(6.1%)
	2048	90.8%	(14.1%)
	4096	76.7%	(56.5%)
	8192	20.2%	(20.2%)
75000	mean = 76904.7	max = 177232
	128	100%	(0.1%)
	256	99.9%	(0.3%)
	512	99.6%	(2.2%)
	1024	97.4%	(5.3%)
	2048	92.1%	(14.4%)
	4096	77.7%	(54.4%)
	8192	23.3%	(23.3%)
76000	mean = 75234.4	max = 176192
	256	100%	(0.7%)
	512	99.3%	(2.2%)
	1024	97.1%	(5.2%)
	2048	91.9%	(17.1%)
	4096	74.8%	(51.4%)
	8192	23.4%	(23.4%)
77000	mean = 77219.8	max = 169776
	256	100%	(0.5%)
	512	99.5%	(1.4%)
	1024	98.1%	(4.7%)
	2048	93.4%	(16.1%)
	4096	77.3%	(53.4%)
	8192	23.9%	(23.9%)
78000	mean = 76129.6	max = 178832
	256	100%	(0.6%)
	512	99.4%	(1.8%)
	1024	97.6%	(5.4%)
	2048	92.2%	(15.4%)
	4096	76.8%	(54.2%)
	8192	22.6%	(22.6%)
79000	mean = 78441.6	max = 174444
	256	100%	(0.3%)
	512	99.7%	(1.7%)
	1024	98%	(4.3%)
	2048	93.7%	(15.4%)
	4096	78.3%	(51.9%)
	8192	26.4%	(26.4%)
80000	mean = 79137.1	max = 172008
	256	100%	(0.4%)
	512	99.6%	(1.6%)
	1024	98%	(4.2%)
	2048	93.8%	(15.2%)
	4096	78.6%	(53.4%)
	8192	25.2%	(25.2%)
81000	mean = 77327.6	max = 172512
	256	100%	(0.4%)
	512	99.6%	(2.7%)
	1024	96.9%	(5.3%)
	2048	91.6%	(15.4%)
	4096	76.2%	(50%)
	8192	26.2%	(26.2%)
82000	mean = 79023.6	max = 177024
	128	100%	(0.1%)
	256	99.9%	(0.5%)
	512	99.4%	(1.5%)
	1024	97.9%	(5.1%)
	2048	92.8%	(15.4%)
	4096	77.4%	(49.5%)
	8192	27.9%	(27.9%)
83000	mean = 77354.5	max = 170572
	64	100%	(0.2%)
	256	99.8%	(0.2%)
	512	99.6%	(1.6%)
	1024	98%	(5%)
	2048	93%	(15.7%)
	4096	77.3%	(52.4%)
	8192	24.9%	(24.9%)
84000	mean = 79616.8	max = 171732
	128	100%	(0.1%)
	256	99.9%	(0.2%)
	512	99.7%	(2.2%)
	1024	97.5%	(4.9%)
	2048	92.6%	(15.5%)
	4096	77.1%	(48.6%)
	8192	28.5%	(28.5%)
85000	mean = 80176	max = 176348
	256	100%	(0.2%)
	512	99.8%	(1.9%)
	1024	97.9%	(4.9%)
	2048	93%	(14%)
	4096	79%	(50.1%)
	8192	28.9%	(28.9%)
86000	mean = 80035.4	max = 171064
	256	100%	(0.4%)
	512	99.6%	(2.4%)
	1024	97.2%	(5%)
	2048	92.2%	(14.8%)
	4096	77.4%	(47%)
	8192	30.4%	(30.4%)
87000	mean = 79927.7	max = 176428
	256	100%	(0.2%)
	512	99.8%	(1.3%)
	1024	98.5%	(4.4%)
	2048	94.1%	(15.4%)
	4096	78.7%	(50.5%)
	8192	28.2%	(28.2%)
88000	mean = 82268.1	max = 176056
	256	100%	(0.2%)
	512	99.8%	(1.3%)
	1024	98.5%	(4.5%)
	2048	94%	(14%)
	4096	80%	(49.7%)
	8192	30.3%	(30.3%)
89000	mean = 83740.6	max = 175576
	256	100%	(0.4%)
	512	99.6%	(1.2%)
	1024	98.4%	(4.9%)
	2048	93.5%	(13.5%)
	4096	80%	(46.8%)
	8192	33.2%	(33.2%)
90000	mean = 83314.4	max = 176540
	128	100%	(0.1%)
	256	99.9%	(0.3%)
	512	99.6%	(1.8%)
	1024	97.8%	(4.5%)
	2048	93.3%	(14.5%)
	4096	78.8%	(46.3%)
	8192	32.5%	(32.5%)
91000	mean = 82627.2	max = 171356
	128	100%	(0.1%)
	256	99.9%	(0.8%)
	512	99.1%	(1.6%)
	1024	97.5%	(5.2%)
	2048	92.3%	(15.2%)
	4096	77.1%	(44.5%)
	8192	32.6%	(32.6%)
92000	mean = 83351.7	max = 171604
	256	100%	(0.1%)
	512	99.9%	(1.9%)
	1024	98%	(4.6%)
	2048	93.4%	(14.5%)
	4096	78.9%	(45.9%)
	8192	33%	(33%)
93000	mean = 83552.8	max = 177380
	256	100%	(0.3%)
	512	99.7%	(2%)
	1024	97.7%	(5.2%)
	2048	92.5%	(13.3%)
	4096	79.2%	(46%)
	8192	33.2%	(33.2%)
94000	mean = 86047.7	max = 172924
	256	100%	(0.4%)
	512	99.6%	(1.8%)
	1024	97.8%	(5.7%)
	2048	92.1%	(11.2%)
	4096	80.9%	(45.2%)
	8192	35.7%	(35.7%)
95000	mean = 82745	max = 176780
	128	100%	(0.1%)
	256	99.9%	(0.3%)
	512	99.6%	(2%)
	1024	97.6%	(5%)
	2048	92.6%	(15%)
	4096	77.6%	(44.7%)
	8192	32.9%	(32.9%)
96000	mean = 83529.1	max = 176180
	256	100%	(0.2%)
	512	99.8%	(2.3%)
	1024	97.5%	(4.7%)
	2048	92.8%	(14.5%)
	4096	78.3%	(45.3%)
	8192	33%	(33%)
97000	mean = 83958.4	max = 188888
	256	100%	(0.4%)
	512	99.6%	(1.5%)
	1024	98.1%	(5.2%)
	2048	92.9%	(14.1%)
	4096	78.8%	(46.1%)
	8192	32.7%	(32.7%)
98000	mean = 83047.6	max = 176152
	256	100%	(0.4%)
	512	99.6%	(2.3%)
	1024	97.3%	(6.4%)
	2048	90.9%	(13.5%)
	4096	77.4%	(44.2%)
	8192	33.2%	(33.2%)
99000	mean = 84440.8	max = 176456
	256	100%	(0.2%)
	512	99.8%	(2.4%)
	1024	97.4%	(4.8%)
	2048	92.6%	(13.8%)
	4096	78.8%	(44.1%)
	8192	34.7%	(34.7%)
100000	mean = 86475.6	max = 177340
	256	100%	(0.6%)
	512	99.4%	(1.3%)
	1024	98.1%	(3.7%)
	2048	94.4%	(14.3%)
	4096	80.1%	(44.3%)
	8192	35.8%	(35.8%)
101000	mean = 84321.8	max = 176456
	128	100%	(0.1%)
	256	99.9%	(0.3%)
	512	99.6%	(1.7%)
	1024	97.9%	(5.1%)
	2048	92.8%	(14.7%)
	4096	78.1%	(43.6%)
	8192	34.5%	(34.5%)
102000	mean = 83667.5	max = 176564
	256	100%	(0.5%)
	512	99.5%	(1.4%)
	1024	98.1%	(5.5%)
	2048	92.6%	(16.3%)
	4096	76.3%	(40.8%)
	8192	35.5%	(35.5%)
103000	mean = 88173.2	max = 190588
	256	100%	(0.2%)
	512	99.8%	(1.6%)
	1024	98.2%	(4.6%)
	2048	93.6%	(13.5%)
	4096	80.1%	(42.4%)
	8192	37.7%	(37.7%)
104000	mean = 85726.7	max = 172260
	256	100%	(0.7%)
	512	99.3%	(1.5%)
	1024	97.8%	(5.5%)
	2048	92.3%	(13%)
	4096	79.3%	(44.2%)
	8192	35.1%	(35.1%)
105000	mean = 86467.4	max = 177188
	256	100%	(0.6%)
	512	99.4%	(2.5%)
	1024	96.9%	(5.1%)
	2048	91.8%	(12.2%)
	4096	79.6%	(43.5%)
	8192	36.1%	(36.1%)
106000	mean = 85929.6	max = 222616
	256	100%	(0.9%)
	512	99.1%	(1.4%)
	1024	97.7%	(5.9%)
	2048	91.8%	(12.4%)
	4096	79.4%	(44.5%)
	8192	34.9%	(34.8%)
	16384	0.1%	(0.1%)
107000	mean = 87499.6	max = 176468
	256	100%	(0.3%)
	512	99.7%	(1.5%)
	1024	98.2%	(4.6%)
	2048	93.6%	(13%)
	4096	80.6%	(43.9%)
	8192	36.7%	(36.7%)
108000	mean = 88665.4	max = 176772
	256	100%	(0.3%)
	512	99.7%	(0.9%)
	1024	98.8%	(4.1%)
	2048	94.7%	(12.5%)
	4096	82.2%	(46%)
	8192	36.2%	(36.2%)
109000	mean = 87206.1	max = 176728
	256	100%	(0.2%)
	512	99.8%	(2.3%)
	1024	97.5%	(5.4%)
	2048	92.1%	(14%)
	4096	78.1%	(41.4%)
	8192	36.7%	(36.7%)
110000	mean = 87244.1	max = 175584
	256	100%	(0.5%)
	512	99.5%	(1.7%)
	1024	97.8%	(5.3%)
	2048	92.5%	(12%)
	4096	80.5%	(44%)
	8192	36.5%	(36.5%)
111000	mean = 86917.2	max = 173368
	256	100%	(0.6%)
	512	99.4%	(1.8%)
	1024	97.6%	(5.1%)
	2048	92.5%	(14.5%)
	4096	78%	(40.9%)
	8192	37.1%	(37.1%)
112000	mean = 91756.7	max = 188272
	256	100%	(0.5%)
	512	99.5%	(1.2%)
	1024	98.3%	(4.7%)
	2048	93.6%	(12.8%)
	4096	80.8%	(39%)
	8192	41.8%	(41.8%)
113000	mean = 88662.8	max = 220948
	256	100%	(0.7%)
	512	99.3%	(2.3%)
	1024	97%	(5%)
	2048	92%	(12.1%)
	4096	79.9%	(42.3%)
	8192	37.6%	(37.5%)
	16384	0.1%	(0.1%)
114000	mean = 87847.1	max = 220660
	64	100%	(0.1%)
	256	99.9%	(0.5%)
	512	99.4%	(2.2%)
	1024	97.2%	(5.2%)
	2048	92%	(11.7%)
	4096	80.3%	(43%)
	8192	37.3%	(37.2%)
	16384	0.1%	(0.1%)
115000	mean = 91220.6	max = 176672
	256	100%	(0.3%)
	512	99.7%	(1.3%)
	1024	98.4%	(5.3%)
	2048	93.1%	(13.1%)
	4096	80%	(39.6%)
	8192	40.4%	(40.4%)
116000	mean = 90260.9	max = 175468
	256	100%	(0.3%)
	512	99.7%	(2%)
	1024	97.7%	(4.6%)
	2048	93.1%	(13.2%)
	4096	79.9%	(40%)
	8192	39.9%	(39.9%)
117000	mean = 91609.8	max = 231336
	256	100%	(0.3%)
	512	99.7%	(1.6%)
	1024	98.1%	(4.5%)
	2048	93.6%	(11.1%)
	4096	82.5%	(41.8%)
	8192	40.7%	(40.6%)
	16384	0.1%	(0.1%)
118000	mean = 88831.7	max = 176568
	128	100%	(0.1%)
	256	99.9%	(0.7%)
	512	99.2%	(1.4%)
	1024	97.8%	(5.9%)
	2048	91.9%	(10.4%)
	4096	81.5%	(43%)
	8192	38.5%	(38.5%)
119000	mean = 90404.3	max = 175532
	256	100%	(0.7%)
	512	99.3%	(1.5%)
	1024	97.8%	(4.3%)
	2048	93.5%	(13.2%)
	4096	80.3%	(39.2%)
	8192	41.1%	(41.1%)
120000	mean = 90066.7	max = 177000
	256	100%	(0.2%)
	512	99.8%	(1.4%)
	1024	98.4%	(5.4%)
	2048	93%	(12.1%)
	4096	80.9%	(42%)
	8192	38.9%	(38.9%)
121000	mean = 91319	max = 176616
	256	100%	(0.1%)
	512	99.9%	(2.8%)
	1024	97.1%	(4%)
	2048	93.1%	(11.7%)
	4096	81.4%	(40.2%)
	8192	41.2%	(41.2%)
122000	mean = 93143.3	max = 175888
	64	100%	(0.1%)
	256	99.9%	(0.9%)
	512	99%	(0.9%)
	1024	98.1%	(3.7%)
	2048	94.4%	(11.4%)
	4096	83%	(40.4%)
	8192	42.6%	(42.6%)
123000	mean = 90527.6	max = 177120
	256	100%	(0.1%)
	512	99.9%	(1.2%)
	1024	98.7%	(6%)
	2048	92.7%	(13.2%)
	4096	79.5%	(38.9%)
	8192	40.6%	(40.6%)
124000	mean = 90651.1	max = 177216
	256	100%	(0.5%)
	512	99.5%	(1.5%)
	1024	98%	(5.3%)
	2048	92.7%	(12.7%)
	4096	80%	(39.9%)
	8192	40.1%	(40.1%)
125000	mean = 91173.8	max = 177296
	256	100%	(0.4%)
	512	99.6%	(1.5%)
	1024	98.1%	(5.5%)
	2048	92.6%	(12.3%)
	4096	80.3%	(38.3%)
	8192	42%	(42%)
126000	mean = 94049.4	max = 216884
	128	100%	(0.1%)
	256	99.9%	(0.6%)
	512	99.3%	(1.1%)
	1024	98.2%	(4%)
	2048	94.2%	(10.1%)
	4096	84.1%	(40.6%)
	8192	43.5%	(43.4%)
	16384	0.1%	(0.1%)
127000	mean = 91636.1	max = 215264
	128	100%	(0.1%)
	256	99.9%	(0.1%)
	512	99.8%	(1.9%)
	1024	97.9%	(5%)
	2048	92.9%	(10.8%)
	4096	82.1%	(41.6%)
	8192	40.5%	(40.4%)
	16384	0.1%	(0.1%)
128000	mean = 90907.6	max = 176796
	256	100%	(0.8%)
	512	99.2%	(2.1%)
	1024	97.1%	(4.3%)
	2048	92.8%	(12.7%)
	4096	80.1%	(38.9%)
	8192	41.2%	(41.2%)
129000	mean = 93117.8	max = 175496
	256	100%	(0.5%)
	512	99.5%	(1.3%)
	1024	98.2%	(3.9%)
	2048	94.3%	(12.1%)
	4096	82.2%	(39.7%)
	8192	42.5%	(42.5%)
130000	mean = 90996.7	max = 175540
	256	100%	(0.5%)
	512	99.5%	(1.7%)
	1024	97.8%	(5%)
	2048	92.8%	(11.7%)
	4096	81.1%	(40.7%)
	8192	40.4%	(40.4%)
131000	mean = 92993.5	max = 220120
	256	100%	(0.6%)
	512	99.4%	(1.2%)
	1024	98.2%	(3.8%)
	2048	94.4%	(12.7%)
	4096	81.7%	(38.5%)
	8192	43.2%	(43.1%)
	16384	0.1%	(0.1%)
132000	mean = 89849.8	max = 200264
	256	100%	(0.6%)
	512	99.4%	(2.3%)
	1024	97.1%	(4%)
	2048	93.1%	(13.4%)
	4096	79.7%	(40.2%)
	8192	39.5%	(39.5%)
133000	mean = 90058.2	max = 175296
	256	100%	(0.6%)
	512	99.4%	(2%)
	1024	97.4%	(5%)
	2048	92.4%	(12.6%)
	4096	79.8%	(39.6%)
	8192	40.2%	(40.2%)
134000	mean = 91524.4	max = 176856
	256	100%	(0.3%)
	512	99.7%	(1.4%)
	1024	98.3%	(5.1%)
	2048	93.2%	(12.9%)
	4096	80.3%	(38%)
	8192	42.3%	(42.3%)
135000	mean = 90759.1	max = 239152
	256	100%	(1.1%)
	512	98.9%	(1.7%)
	1024	97.2%	(4.6%)
	2048	92.6%	(12.1%)
	4096	80.5%	(39.1%)
	8192	41.4%	(41.3%)
	16384	0.1%	(0.1%)
136000	mean = 92676	max = 175572
	256	100%	(0.6%)
	512	99.4%	(2%)
	1024	97.4%	(5.7%)
	2048	91.7%	(11.4%)
	4096	80.3%	(36.5%)
	8192	43.8%	(43.8%)
137000	mean = 94465	max = 176124
	256	100%	(0.5%)
	512	99.5%	(1.6%)
	1024	97.9%	(4.5%)
	2048	93.4%	(12.8%)
	4096	80.6%	(35.9%)
	8192	44.7%	(44.7%)
138000	mean = 92606.1	max = 246724
	256	100%	(0.2%)
	512	99.8%	(1.2%)
	1024	98.6%	(4.3%)
	2048	94.3%	(11.6%)
	4096	82.7%	(40.7%)
	8192	42%	(41.9%)
	16384	0.1%	(0.1%)
139000	mean = 95535.1	max = 219628
	256	100%	(0.5%)
	512	99.5%	(0.9%)
	1024	98.6%	(4.3%)
	2048	94.3%	(10.6%)
	4096	83.7%	(40%)
	8192	43.7%	(43.6%)
	16384	0.1%	(0.1%)
140000	mean = 94126.5	max = 176120
	256	100%	(0.1%)
	512	99.9%	(1.1%)
	1024	98.8%	(4.3%)
	2048	94.5%	(11.1%)
	4096	83.4%	(39.6%)
	8192	43.8%	(43.8%)
141000	mean = 91203.7	max = 241212
	256	100%	(0.8%)
	512	99.2%	(1.2%)
	1024	98%	(5.6%)
	2048	92.4%	(12.2%)
	4096	80.2%	(38.6%)
	8192	41.6%	(41.5%)
	16384	0.1%	(0.1%)
142000	mean = 93301.5	max = 177164
	256	100%	(0.4%)
	512	99.6%	(1.3%)
	1024	98.3%	(4.3%)
	2048	94%	(10.5%)
	4096	83.5%	(40.4%)
	8192	43.1%	(43.1%)
143000	mean = 95181.8	max = 256248
	256	100%	(0.5%)
	512	99.5%	(1.3%)
	1024	98.2%	(4.3%)
	2048	93.9%	(12%)
	4096	81.9%	(36.6%)
	8192	45.3%	(45.1%)
	16384	0.2%	(0.2%)
144000	mean = 95240.7	max = 176544
	128	100%	(0.2%)
	256	99.8%	(0.2%)
	512	99.6%	(1.9%)
	1024	97.7%	(4.2%)
	2048	93.5%	(11.2%)
	4096	82.3%	(36.8%)
	8192	45.5%	(45.5%)
145000	mean = 95380	max = 184508
	256	100%	(0.2%)
	512	99.8%	(1.6%)
	1024	98.2%	(3.6%)
	2048	94.6%	(10.9%)
	4096	83.7%	(38.8%)
	8192	44.9%	(44.9%)
146000	mean = 97616.8	max = 236096
	64	100%	(0.1%)
	256	99.9%	(0.3%)
	512	99.6%	(2.1%)
	1024	97.5%	(4.4%)
	2048	93.1%	(9.4%)
	4096	83.7%	(36.9%)
	8192	46.8%	(46.7%)
	16384	0.1%	(0.1%)
147000	mean = 92009.9	max = 184136
	256	100%	(0.9%)
	512	99.1%	(1.4%)
	1024	97.7%	(4.2%)
	2048	93.5%	(14%)
	4096	79.5%	(37.3%)
	8192	42.2%	(42.2%)
148000	mean = 95445.6	max = 177056
	256	100%	(0.6%)
	512	99.4%	(1.5%)
	1024	97.9%	(3.7%)
	2048	94.2%	(12.2%)
	4096	82%	(35.9%)
	8192	46.1%	(46.1%)
149000	mean = 93650.8	max = 178268
	256	100%	(0.5%)
	512	99.5%	(1%)
	1024	98.5%	(4.2%)
	2048	94.3%	(13.2%)
	4096	81.1%	(38.1%)
	8192	43%	(43%)
150000	mean = 96961.8	max = 192176
	256	100%	(0.9%)
	512	99.1%	(1.8%)
	1024	97.3%	(4.2%)
	2048	93.1%	(10%)
	4096	83.1%	(37.2%)
	8192	45.9%	(45.9%)
151000	mean = 93915.3	max = 180048
	128	100%	(0.1%)
	256	99.9%	(0.5%)
	512	99.4%	(1.6%)
	1024	97.8%	(4.1%)
	2048	93.7%	(11.8%)
	4096	81.9%	(37.7%)
	8192	44.2%	(44.2%)
152000	mean = 93667.1	max = 177036
	256	100%	(0.5%)
	512	99.5%	(1.8%)
	1024	97.7%	(5.4%)
	2048	92.3%	(11.5%)
	4096	80.8%	(36.4%)
	8192	44.4%	(44.4%)
153000	mean = 93306.5	max = 175516
	256	100%	(0.7%)
	512	99.3%	(2%)
	1024	97.3%	(4.2%)
	2048	93.1%	(10.1%)
	4096	83%	(39.3%)
	8192	43.7%	(43.7%)
154000	mean = 96325.8	max = 176548
	256	100%	(0.1%)
	512	99.9%	(2.2%)
	1024	97.7%	(4.1%)
	2048	93.6%	(12%)
	4096	81.6%	(34%)
	8192	47.6%	(47.6%)
155000	mean = 95611.4	max = 236856
	256	100%	(0.2%)
	512	99.8%	(2%)
	1024	97.8%	(4.7%)
	2048	93.1%	(10.9%)
	4096	82.2%	(36.3%)
	8192	45.9%	(45.7%)
	16384	0.2%	(0.2%)
156000	mean = 96290.8	max = 223820
	64	100%	(0.1%)
	256	99.9%	(0.7%)
	512	99.2%	(1.4%)
	1024	97.8%	(4.1%)
	2048	93.7%	(12.4%)
	4096	81.3%	(33.4%)
	8192	47.9%	(47.8%)
	16384	0.1%	(0.1%)
157000	mean = 98348.6	max = 240272
	256	100%	(0.5%)
	512	99.5%	(1.1%)
	1024	98.4%	(3.6%)
	2048	94.8%	(9.6%)
	4096	85.2%	(36.7%)
	8192	48.5%	(48.4%)
	16384	0.1%	(0.1%)
158000	mean = 95506.1	max = 232996
	256	100%	(0.5%)
	512	99.5%	(1.2%)
	1024	98.3%	(4.8%)
	2048	93.5%	(13%)
	4096	80.5%	(33.7%)
	8192	46.8%	(46.6%)
	16384	0.2%	(0.2%)
159000	mean = 94646.8	max = 175068
	128	100%	(0.1%)
	256	99.9%	(0.7%)
	512	99.2%	(2.1%)
	1024	97.1%	(4.7%)
	2048	92.4%	(11.2%)
	4096	81.2%	(36%)
	8192	45.2%	(45.2%)
160000	mean = 94888	max = 177260
	128	100%	(0.1%)
	256	99.9%	(0.2%)
	512	99.7%	(2%)
	1024	97.7%	(4.3%)
	2048	93.4%	(10.8%)
	4096	82.6%	(38.3%)
	8192	44.3%	(44.3%)
161000	mean = 94452.2	max = 177484
	128	100%	(0.1%)
	256	99.9%	(0.6%)
	512	99.3%	(2.2%)
	1024	97.1%	(4.1%)
	2048	93%	(11.6%)
	4096	81.4%	(36.3%)
	8192	45.1%	(45.1%)
162000	mean = 96111.2	max = 246224
	256	100%	(0.4%)
	512	99.6%	(0.8%)
	1024	98.8%	(4.3%)
	2048	94.5%	(11.7%)
	4096	82.8%	(36.8%)
	8192	46%	(45.9%)
	16384	0.1%	(0.1%)
163000	mean = 95369.2	max = 228836
	256	100%	(0.6%)
	512	99.4%	(2.1%)
	1024	97.3%	(3.7%)
	2048	93.6%	(11.2%)
	4096	82.4%	(36.4%)
	8192	46%	(45.9%)
	16384	0.1%	(0.1%)
164000	mean = 95515.6	max = 177632
	256	100%	(0.9%)
	512	99.1%	(1.4%)
	1024	97.7%	(3.9%)
	2048	93.8%	(11.1%)
	4096	82.7%	(37.7%)
	8192	45%	(45%)
165000	mean = 95125.7	max = 175412
	256	100%	(0.3%)
	512	99.7%	(1.6%)
	1024	98.1%	(4.3%)
	2048	93.8%	(12.1%)
	4096	81.7%	(36.2%)
	8192	45.5%	(45.5%)
166000	mean = 96099.9	max = 175868
	32	100%	(0.1%)
	256	99.9%	(0.4%)
	512	99.5%	(1.3%)
	1024	98.2%	(4.4%)
	2048	93.8%	(11.7%)
	4096	82.1%	(35.5%)
	8192	46.6%	(46.6%)
167000	mean = 97747.8	max = 176772
	256	100%	(0.3%)
	512	99.7%	(1.7%)
	1024	98%	(4.2%)
	2048	93.8%	(10.9%)
	4096	82.9%	(34.9%)
	8192	48%	(48%)
168000	mean = 96349	max = 224428
	256	100%	(0.4%)
	512	99.6%	(2%)
	1024	97.6%	(4.5%)
	2048	93.1%	(9.8%)
	4096	83.3%	(38.6%)
	8192	44.7%	(44.6%)
	16384	0.1%	(0.1%)
169000	mean = 96557.5	max = 192152
	256	100%	(0.6%)
	512	99.4%	(1.5%)
	1024	97.9%	(4.5%)
	2048	93.4%	(10.1%)
	4096	83.3%	(37.7%)
	8192	45.6%	(45.6%)
170000	mean = 96547.6	max = 177328
	256	100%	(0.3%)
	512	99.7%	(1%)
	1024	98.7%	(3.8%)
	2048	94.9%	(11.6%)
	4096	83.3%	(38.3%)
	8192	45%	(45%)
171000	mean = 96347.6	max = 176600
	256	100%	(0.4%)
	512	99.6%	(2%)
	1024	97.6%	(4.2%)
	2048	93.4%	(11.4%)
	4096	82%	(36.2%)
	8192	45.8%	(45.8%)
172000	mean = 96040.2	max = 223684
	256	100%	(0.5%)
	512	99.5%	(1.2%)
	1024	98.3%	(4%)
	2048	94.3%	(11.2%)
	4096	83.1%	(38.6%)
	8192	44.5%	(44.4%)
	16384	0.1%	(0.1%)
173000	mean = 96253.9	max = 224004
	256	100%	(0.7%)
	512	99.3%	(1.1%)
	1024	98.2%	(3.9%)
	2048	94.3%	(11.6%)
	4096	82.7%	(37.6%)
	8192	45.1%	(45%)
	16384	0.1%	(0.1%)
174000	mean = 97928.9	max = 262592
	256	100%	(0.9%)
	512	99.1%	(2%)
	1024	97.1%	(3.8%)
	2048	93.3%	(9.9%)
	4096	83.4%	(35.4%)
	8192	48%	(47.9%)
	16384	0.1%	(0.1%)
175000	mean = 95775	max = 233360
	256	100%	(0.5%)
	512	99.5%	(2.3%)
	1024	97.2%	(4.7%)
	2048	92.5%	(10.7%)
	4096	81.8%	(34.9%)
	8192	46.9%	(46.8%)
	16384	0.1%	(0.1%)
176000	mean = 98576.9	max = 188548
	256	100%	(0.2%)
	512	99.8%	(1.9%)
	1024	97.9%	(5.1%)
	2048	92.8%	(10%)
	4096	82.8%	(33.5%)
	8192	49.3%	(49.3%)
177000	mean = 96167.1	max = 215368
	256	100%	(0.1%)
	512	99.9%	(1.2%)
	1024	98.7%	(4.7%)
	2048	94%	(12.2%)
	4096	81.8%	(34%)
	8192	47.8%	(47.7%)
	16384	0.1%	(0.1%)
178000	mean = 99419.3	max = 226140
	512	100%	(1.5%)
	1024	98.5%	(4.5%)
	2048	94%	(9.4%)
	4096	84.6%	(35.3%)
	8192	49.3%	(49.2%)
	16384	0.1%	(0.1%)
179000	mean = 99395	max = 217900
	128	100%	(0.1%)
	256	99.9%	(0.4%)
	512	99.5%	(1.2%)
	1024	98.3%	(4.3%)
	2048	94%	(9.6%)
	4096	84.4%	(34.9%)
	8192	49.5%	(49.4%)
	16384	0.1%	(0.1%)
180000	mean = 98110.8	max = 177032
	256	100%	(0.4%)
	512	99.6%	(1.3%)
	1024	98.3%	(4%)
	2048	94.3%	(9.6%)
	4096	84.7%	(36.9%)
	8192	47.8%	(47.8%)
181000	mean = 96791.3	max = 190584
	128	100%	(0.1%)
	256	99.9%	(0.4%)
	512	99.5%	(2.8%)
	1024	96.7%	(3.7%)
	2048	93%	(11.1%)
	4096	81.9%	(34.6%)
	8192	47.3%	(47.3%)
182000	mean = 99611.8	max = 176268
	256	100%	(0.2%)
	512	99.8%	(1.7%)
	1024	98.1%	(3.1%)
	2048	95%	(10.5%)
	4096	84.5%	(34%)
	8192	50.5%	(50.5%)
183000	mean = 96558.5	max = 246528
	256	100%	(0.2%)
	512	99.8%	(2%)
	1024	97.8%	(3.1%)
	2048	94.7%	(11.2%)
	4096	83.5%	(37.6%)
	8192	45.9%	(45.8%)
	16384	0.1%	(0.1%)
184000	mean = 101564	max = 236920
	256	100%	(0.5%)
	512	99.5%	(0.9%)
	1024	98.6%	(3.9%)
	2048	94.7%	(8%)
	4096	86.7%	(36.2%)
	8192	50.5%	(50.4%)
	16384	0.1%	(0.1%)
185000	mean = 101306	max = 243140
	256	100%	(0.6%)
	512	99.4%	(1.5%)
	1024	97.9%	(2.6%)
	2048	95.3%	(8.9%)
	4096	86.4%	(36.1%)
	8192	50.3%	(49.8%)
	16384	0.5%	(0.5%)
186000	mean = 98618.1	max = 178152
	256	100%	(0.3%)
	512	99.7%	(1.3%)
	1024	98.4%	(5.6%)
	2048	92.8%	(10.1%)
	4096	82.7%	(31.6%)
	8192	51.1%	(51.1%)
187000	mean = 98811.7	max = 236680
	256	100%	(0.3%)
	512	99.7%	(0.9%)
	1024	98.8%	(3.7%)
	2048	95.1%	(9.3%)
	4096	85.8%	(37.9%)
	8192	47.9%	(47.8%)
	16384	0.1%	(0.1%)
188000	mean = 100565	max = 176844
	256	100%	(0.4%)
	512	99.6%	(1.3%)
	1024	98.3%	(3.5%)
	2048	94.8%	(9.6%)
	4096	85.2%	(35.1%)
	8192	50.1%	(50.1%)
189000	mean = 97497.2	max = 177328
	256	100%	(0.6%)
	512	99.4%	(1.3%)
	1024	98.1%	(3.4%)
	2048	94.7%	(10.8%)
	4096	83.9%	(36.5%)
	8192	47.4%	(47.4%)
190000	mean = 101697	max = 182528
	256	100%	(0.3%)
	512	99.7%	(1.7%)
	1024	98%	(3.3%)
	2048	94.7%	(9.4%)
	4096	85.3%	(32.6%)
	8192	52.7%	(52.7%)
191000	mean = 98663.9	max = 177432
	256	100%	(0.7%)
	512	99.3%	(0.7%)
	1024	98.6%	(3.4%)
	2048	95.2%	(10.5%)
	4096	84.7%	(35.7%)
	8192	49%	(49%)
192000	mean = 97158.9	max = 176640
	128	100%	(0.1%)
	256	99.9%	(0.6%)
	512	99.3%	(0.8%)
	1024	98.5%	(4.6%)
	2048	93.9%	(10.6%)
	4096	83.3%	(35.1%)
	8192	48.2%	(48.2%)
193000	mean = 99754.7	max = 236300
	256	100%	(0.5%)
	512	99.5%	(1.5%)
	1024	98%	(4.2%)
	2048	93.8%	(10.7%)
	4096	83.1%	(33.3%)
	8192	49.8%	(49.7%)
	16384	0.1%	(0.1%)
194000	mean = 100200	max = 236612
	256	100%	(0.6%)
	512	99.4%	(1.3%)
	1024	98.1%	(4.7%)
	2048	93.4%	(9.4%)
	4096	84%	(32.9%)
	8192	51.1%	(51%)
	16384	0.1%	(0.1%)
195000	mean = 97421.3	max = 177056
	256	100%	(0.4%)
	512	99.6%	(1.8%)
	1024	97.8%	(4%)
	2048	93.8%	(12%)
	4096	81.8%	(33.1%)
	8192	48.7%	(48.7%)
196000	mean = 96222.9	max = 253568
	256	100%	(0.5%)
	512	99.5%	(2.7%)
	1024	96.8%	(5%)
	2048	91.8%	(9.7%)
	4096	82.1%	(34.1%)
	8192	48%	(47.9%)
	16384	0.1%	(0.1%)
197000	mean = 98358.1	max = 186540
	256	100%	(0.6%)
	512	99.4%	(1.7%)
	1024	97.7%	(4.2%)
	2048	93.5%	(9.4%)
	4096	84.1%	(34.6%)
	8192	49.5%	(49.5%)
198000	mean = 97887.4	max = 241948
	256	100%	(0.4%)
	512	99.6%	(2.2%)
	1024	97.4%	(4.5%)
	2048	92.9%	(10%)
	4096	82.9%	(34.2%)
	8192	48.7%	(48.6%)
	16384	0.1%	(0.1%)
199000	mean = 99011.4	max = 219976
	64	100%	(0.1%)
	256	99.9%	(0.4%)
	512	99.5%	(2.1%)
	1024	97.4%	(5.9%)
	2048	91.5%	(7.7%)
	4096	83.8%	(33.1%)
	8192	50.7%	(50.6%)
	16384	0.1%	(0.1%)
200000	mean = 99689.5	max = 261492
	256	100%	(0.5%)
	512	99.5%	(1.6%)
	1024	97.9%	(4.3%)
	2048	93.6%	(9.3%)
	4096	84.3%	(34.2%)
	8192	50.1%	(49.9%)
	16384	0.2%	(0.2%)
201000	mean = 99762.2	max = 177144
	128	100%	(0.1%)
	256	99.9%	(0.3%)
	512	99.6%	(1.2%)
	1024	98.4%	(3.4%)
	2048	95%	(10.4%)
	4096	84.6%	(34.5%)
	8192	50.1%	(50.1%)
202000	mean = 96441	max = 237188
	256	100%	(0.3%)
	512	99.7%	(1.5%)
	1024	98.2%	(3.8%)
	2048	94.4%	(11.8%)
	4096	82.6%	(36.5%)
	8192	46.1%	(46%)
	16384	0.1%	(0.1%)
203000	mean = 100094	max = 192716
	256	100%	(0.4%)
	512	99.6%	(1.8%)
	1024	97.8%	(3.4%)
	2048	94.4%	(8.4%)
	4096	86%	(36.4%)
	8192	49.6%	(49.6%)
204000	mean = 100130	max = 180348
	256	100%	(0.3%)
	512	99.7%	(1.4%)
	1024	98.3%	(4.2%)
	2048	94.1%	(9.8%)
	4096	84.3%	(34%)
	8192	50.3%	(50.3%)
205000	mean = 99136.7	max = 244424
	256	100%	(0.4%)
	512	99.6%	(1.6%)
	1024	98%	(3.7%)
	2048	94.3%	(8.9%)
	4096	85.4%	(35.8%)
	8192	49.6%	(49.4%)
	16384	0.2%	(0.2%)
206000	mean = 97045.9	max = 237184
	256	100%	(0.5%)
	512	99.5%	(1.2%)
	1024	98.3%	(4.5%)
	2048	93.8%	(9.6%)
	4096	84.2%	(34.8%)
	8192	49.4%	(49.3%)
	16384	0.1%	(0.1%)
207000	mean = 99741.3	max = 227804
	256	100%	(0.6%)
	512	99.4%	(1.3%)
	1024	98.1%	(3.5%)
	2048	94.6%	(8.6%)
	4096	86%	(35.2%)
	8192	50.8%	(50.6%)
	16384	0.2%	(0.2%)
208000	mean = 98606.3	max = 177216
	256	100%	(0.3%)
	512	99.7%	(1.9%)
	1024	97.8%	(3.9%)
	2048	93.9%	(9.9%)
	4096	84%	(34.4%)
	8192	49.6%	(49.6%)
209000	mean = 100336	max = 176708
	128	100%	(0.1%)
	256	99.9%	(0.4%)
	512	99.5%	(1.3%)
	1024	98.2%	(3.8%)
	2048	94.4%	(9.3%)
	4096	85.1%	(34.7%)
	8192	50.4%	(50.4%)
210000	mean = 99575.5	max = 177104
	128	100%	(0.1%)
	256	99.9%	(0.2%)
	512	99.7%	(1.4%)
	1024	98.3%	(3.9%)
	2048	94.4%	(9.2%)
	4096	85.2%	(35.5%)
	8192	49.7%	(49.7%)
211000	mean = 99800.2	max = 244016
	128	100%	(0.1%)
	256	99.9%	(0.6%)
	512	99.3%	(1.6%)
	1024	97.7%	(3.6%)
	2048	94.1%	(7.8%)
	4096	86.3%	(36.1%)
	8192	50.2%	(50%)
	16384	0.2%	(0.2%)
212000	mean = 98960.8	max = 232780
	128	100%	(0.1%)
	256	99.9%	(0.6%)
	512	99.3%	(1.5%)
	1024	97.8%	(4.2%)
	2048	93.6%	(9.7%)
	4096	83.9%	(34.1%)
	8192	49.8%	(49.7%)
	16384	0.1%	(0.1%)
213000	mean = 101672	max = 264484
	256	100%	(0.5%)
	512	99.5%	(1.2%)
	1024	98.3%	(3.8%)
	2048	94.5%	(9.2%)
	4096	85.3%	(33.2%)
	8192	52.1%	(52%)
	16384	0.1%	(0.1%)
214000	mean = 101411	max = 192428
	64	100%	(0.2%)
	256	99.8%	(0.2%)
	512	99.6%	(1%)
	1024	98.6%	(4.2%)
	2048	94.4%	(8.9%)
	4096	85.5%	(33.2%)
	8192	52.3%	(52.3%)
215000	mean = 99563.3	max = 230004
	256	100%	(0.2%)
	512	99.8%	(1.1%)
	1024	98.7%	(3.1%)
	2048	95.6%	(11.7%)
	4096	83.9%	(33.4%)
	8192	50.5%	(50.3%)
	16384	0.2%	(0.2%)
216000	mean = 102229	max = 245956
	256	100%	(0.2%)
	512	99.8%	(1%)
	1024	98.8%	(2.2%)
	2048	96.6%	(9.3%)
	4096	87.3%	(34.8%)
	8192	52.5%	(52.3%)
	16384	0.2%	(0.2%)
217000	mean = 100186	max = 235068
	128	100%	(0.1%)
	256	99.9%	(0.5%)
	512	99.4%	(2.1%)
	1024	97.3%	(4.8%)
	2048	92.5%	(8.9%)
	4096	83.6%	(32.1%)
	8192	51.5%	(51.3%)
	16384	0.2%	(0.2%)
218000	mean = 99726.3	max = 186872
	256	100%	(0.2%)
	512	99.8%	(1.1%)
	1024	98.7%	(4.7%)
	2048	94%	(8.4%)
	4096	85.6%	(36.1%)
	8192	49.5%	(49.5%)
219000	mean = 104666	max = 229608
	256	100%	(0.7%)
	512	99.3%	(1.6%)
	1024	97.7%	(3.2%)
	2048	94.5%	(7.5%)
	4096	87%	(31.2%)
	8192	55.8%	(55.7%)
	16384	0.1%	(0.1%)
220000	mean = 100571	max = 238868
	64	100%	(0.1%)
	256	99.9%	(0.2%)
	512	99.7%	(1.3%)
	1024	98.4%	(3.7%)
	2048	94.7%	(10%)
	4096	84.7%	(33.7%)
	8192	51%	(50.7%)
	16384	0.3%	(0.3%)
221000	mean = 100580	max = 186052
	128	100%	(0.1%)
	256	99.9%	(0.4%)
	512	99.5%	(2%)
	1024	97.5%	(4%)
	2048	93.5%	(8.7%)
	4096	84.8%	(33.7%)
	8192	51.1%	(51.1%)
222000	mean = 101938	max = 251060
	128	100%	(0.1%)
	256	99.9%	(0.9%)
	512	99%	(1.7%)
	1024	97.3%	(3.7%)
	2048	93.6%	(8.7%)
	4096	84.9%	(31.4%)
	8192	53.5%	(53.2%)
	16384	0.3%	(0.3%)
223000	mean = 95519.7	max = 175228
	256	100%	(0.3%)
	512	99.7%	(2.1%)
	1024	97.6%	(4.3%)
	2048	93.3%	(10.1%)
	4096	83.2%	(37.3%)
	8192	45.9%	(45.9%)
224000	mean = 100321	max = 214532
	256	100%	(0.4%)
	512	99.6%	(1.5%)
	1024	98.1%	(4%)
	2048	94.1%	(8%)
	4096	86.1%	(34.7%)
	8192	51.4%	(51.3%)
	16384	0.1%	(0.1%)
225000	mean = 100603	max = 262208
	64	100%	(0.1%)
	256	99.9%	(0.4%)
	512	99.5%	(1.6%)
	1024	97.9%	(3.1%)
	2048	94.8%	(10.7%)
	4096	84.1%	(32.5%)
	8192	51.6%	(51.5%)
	16384	0.1%	(0.1%)
226000	mean = 98003.9	max = 182096
	64	100%	(0.1%)
	128	99.9%	(0.1%)
	256	99.8%	(0.6%)
	512	99.2%	(2.3%)
	1024	96.9%	(4.4%)
	2048	92.5%	(8.8%)
	4096	83.7%	(33.5%)
	8192	50.2%	(50.2%)
227000	mean = 97313.9	max = 175172
	64	100%	(0.1%)
	128	99.9%	(0.1%)
	256	99.8%	(0.7%)
	512	99.1%	(2%)
	1024	97.1%	(4.6%)
	2048	92.5%	(10.9%)
	4096	81.6%	(31.2%)
	8192	50.4%	(50.4%)
228000	mean = 101597	max = 255716
	256	100%	(0.3%)
	512	99.7%	(1.9%)
	1024	97.8%	(3.7%)
	2048	94.1%	(9.6%)
	4096	84.5%	(31.9%)
	8192	52.6%	(52.5%)
	16384	0.1%	(0.1%)
229000	mean = 99078.4	max = 246100
	256	100%	(0.3%)
	512	99.7%	(1.3%)
	1024	98.4%	(4%)
	2048	94.4%	(11.3%)
	4096	83.1%	(33%)
	8192	50.1%	(49.9%)
	16384	0.2%	(0.2%)
230000	mean = 98246.6	max = 241568
	256	100%	(0.3%)
	512	99.7%	(1.2%)
	1024	98.5%	(6.3%)
	2048	92.2%	(9.1%)
	4096	83.1%	(32.7%)
	8192	50.4%	(50.1%)
	16384	0.3%	(0.3%)
231000	mean = 102393	max = 246684
	32	100%	(0.1%)
	128	99.9%	(0.1%)
	256	99.8%	(0.2%)
	512	99.6%	(1%)
	1024	98.6%	(2.8%)
	2048	95.8%	(8.7%)
	4096	87.1%	(34.8%)
	8192	52.3%	(52.1%)
	16384	0.2%	(0.2%)
232000	mean = 102695	max = 237308
	256	100%	(0.5%)
	512	99.5%	(1.4%)
	1024	98.1%	(4%)
	2048	94.1%	(9.5%)
	4096	84.6%	(29.5%)
	8192	55.1%	(55%)
	16384	0.1%	(0.1%)
233000	mean = 102625	max = 260668
	256	100%	(0.1%)
	512	99.9%	(1.5%)
	1024	98.4%	(3.1%)
	2048	95.3%	(10.5%)
	4096	84.8%	(31.2%)
	8192	53.6%	(53.2%)
	16384	0.4%	(0.4%)
234000	mean = 98545.1	max = 245536
	128	100%	(0.1%)
	256	99.9%	(0.5%)
	512	99.4%	(1.7%)
	1024	97.7%	(4.5%)
	2048	93.2%	(10.5%)
	4096	82.7%	(33.5%)
	8192	49.2%	(49.1%)
	16384	0.1%	(0.1%)
235000	mean = 102344	max = 218324
	256	100%	(0.4%)
	512	99.6%	(1.1%)
	1024	98.5%	(3.5%)
	2048	95%	(9.1%)
	4096	85.9%	(32.6%)
	8192	53.3%	(53.2%)
	16384	0.1%	(0.1%)
236000	mean = 100519	max = 232952
	256	100%	(0.2%)
	512	99.8%	(1.4%)
	1024	98.4%	(3.7%)
	2048	94.7%	(8.9%)
	4096	85.8%	(34.8%)
	8192	51%	(50.9%)
	16384	0.1%	(0.1%)
237000	mean = 102498	max = 253588
	256	100%	(0.4%)
	512	99.6%	(1.4%)
	1024	98.2%	(4%)
	2048	94.2%	(9.9%)
	4096	84.3%	(30.6%)
	8192	53.7%	(53.6%)
	16384	0.1%	(0.1%)
238000	mean = 99665.9	max = 191100
	256	100%	(0.4%)
	512	99.6%	(1.5%)
	1024	98.1%	(5%)
	2048	93.1%	(9.8%)
	4096	83.3%	(32%)
	8192	51.3%	(51.3%)
239000	mean = 101844	max = 191380
	256	100%	(0.4%)
	512	99.6%	(1.3%)
	1024	98.3%	(3.6%)
	2048	94.7%	(10.3%)
	4096	84.4%	(30.6%)
	8192	53.8%	(53.8%)
240000	mean = 102370	max = 246040
	256	100%	(0.7%)
	512	99.3%	(1.9%)
	1024	97.4%	(2.8%)
	2048	94.6%	(9.5%)
	4096	85.1%	(31.2%)
	8192	53.9%	(53.7%)
	16384	0.2%	(0.2%)
241000	mean = 103080	max = 235528
	256	100%	(0.2%)
	512	99.8%	(1.2%)
	1024	98.6%	(4.9%)
	2048	93.7%	(7.9%)
	4096	85.8%	(31.5%)
	8192	54.3%	(54%)
	16384	0.3%	(0.3%)
242000	mean = 101677	max = 244588
	256	100%	(0.2%)
	512	99.8%	(1.4%)
	1024	98.4%	(3.7%)
	2048	94.7%	(9.9%)
	4096	84.8%	(32.2%)
	8192	52.6%	(52.3%)
	16384	0.3%	(0.3%)
243000	mean = 102540	max = 244108
	256	100%	(0.5%)
	512	99.5%	(1.5%)
	1024	98%	(3%)
	2048	95%	(7.8%)
	4096	87.2%	(33.8%)
	8192	53.4%	(53.2%)
	16384	0.2%	(0.2%)
244000	mean = 99361.8	max = 289732
	256	100%	(0.3%)
	512	99.7%	(3%)
	1024	96.7%	(4.2%)
	2048	92.5%	(9.6%)
	4096	82.9%	(31.7%)
	8192	51.2%	(51%)
	16384	0.2%	(0.2%)
245000	mean = 101988	max = 177944
	256	100%	(0.3%)
	512	99.7%	(2.5%)
	1024	97.2%	(3.8%)
	2048	93.4%	(7.6%)
	4096	85.8%	(31.9%)
	8192	53.9%	(53.9%)
246000	mean = 102160	max = 225316
	256	100%	(0.1%)
	512	99.9%	(1.8%)
	1024	98.1%	(3.4%)
	2048	94.7%	(8.6%)
	4096	86.1%	(32.8%)
	8192	53.3%	(53.2%)
	16384	0.1%	(0.1%)
247000	mean = 107078	max = 260528
	256	100%	(0.2%)
	512	99.8%	(0.7%)
	1024	99.1%	(3%)
	2048	96.1%	(8.6%)
	4096	87.5%	(29.9%)
	8192	57.6%	(57.1%)
	16384	0.5%	(0.5%)
248000	mean = 100752	max = 187392
	256	100%	(0.3%)
	512	99.7%	(1.1%)
	1024	98.6%	(4.3%)
	2048	94.3%	(10.2%)
	4096	84.1%	(32.1%)
	8192	52%	(52%)
249000	mean = 99628.4	max = 224508
	256	100%	(0.6%)
	512	99.4%	(1.6%)
	1024	97.8%	(3.6%)
	2048	94.2%	(9.2%)
	4096	85%	(33.6%)
	8192	51.4%	(51.3%)
	16384	0.1%	(0.1%)
250000	mean = 100829	max = 261716
	256	100%	(0.4%)
	512	99.6%	(2.4%)
	1024	97.2%	(3.8%)
	2048	93.4%	(9.5%)
	4096	83.9%	(31.5%)
	8192	52.4%	(52.1%)
	16384	0.3%	(0.3%)
251000	mean = 102330	max = 247448
	512	100%	(1.3%)
	1024	98.7%	(4.8%)
	2048	93.9%	(8.7%)
	4096	85.2%	(31.7%)
	8192	53.5%	(53.1%)
	16384	0.4%	(0.4%)
252000	mean = 100438	max = 237336
	256	100%	(0.1%)
	512	99.9%	(1.9%)
	1024	98%	(5.4%)
	2048	92.6%	(10.2%)
	4096	82.4%	(29.8%)
	8192	52.6%	(52.1%)
	16384	0.5%	(0.5%)
253000	mean = 100255	max = 177804
	256	100%	(0.4%)
	512	99.6%	(2%)
	1024	97.6%	(3.3%)
	2048	94.3%	(10.3%)
	4096	84%	(32%)
	8192	52%	(52%)
254000	mean = 101448	max = 243276
	128	100%	(0.1%)
	256	99.9%	(0.2%)
	512	99.7%	(1.8%)
	1024	97.9%	(3.3%)
	2048	94.6%	(10.5%)
	4096	84.1%	(31.7%)
	8192	52.4%	(52.2%)
	16384	0.2%	(0.2%)
255000	mean = 103578	max = 177604
	128	100%	(0.2%)
	256	99.8%	(0.1%)
	512	99.7%	(1%)
	1024	98.7%	(2.9%)
	2048	95.8%	(9.6%)
	4096	86.2%	(31.5%)
	8192	54.7%	(54.7%)
256000	mean = 100625	max = 235468
	256	100%	(0.1%)
	512	99.9%	(1.4%)
	1024	98.5%	(5.7%)
	2048	92.8%	(9.5%)
	4096	83.3%	(31.1%)
	8192	52.2%	(52.1%)
	16384	0.1%	(0.1%)
257000	mean = 102876	max = 241480
	256	100%	(0.4%)
	512	99.6%	(1.3%)
	1024	98.3%	(3.4%)
	2048	94.9%	(8.7%)
	4096	86.2%	(32.2%)
	8192	54%	(53.8%)
	16384	0.2%	(0.2%)
258000	mean = 104383	max = 251316
	256	100%	(0.2%)
	512	99.8%	(1.3%)
	1024	98.5%	(3.1%)
	2048	95.4%	(9.3%)
	4096	86.1%	(31.5%)
	8192	54.6%	(54.4%)
	16384	0.2%	(0.2%)
259000	mean = 99622.9	max = 186732
	256	100%	(0.4%)
	512	99.6%	(1.2%)
	1024	98.4%	(4.3%)
	2048	94.1%	(8.5%)
	4096	85.6%	(34.6%)
	8192	51%	(51%)
260000	mean = 101985	max = 226356
	256	100%	(0.7%)
	512	99.3%	(1.7%)
	1024	97.6%	(3.9%)
	2048	93.7%	(9%)
	4096	84.7%	(30.5%)
	8192	54.2%	(54%)
	16384	0.2%	(0.2%)
261000	mean = 102983	max = 226716
	256	100%	(0.1%)
	512	99.9%	(1.4%)
	1024	98.5%	(4%)
	2048	94.5%	(9.1%)
	4096	85.4%	(31.1%)
	8192	54.3%	(54.2%)
	16384	0.1%	(0.1%)
262000	mean = 99504.1	max = 188964
	256	100%	(0.2%)
	512	99.8%	(2%)
	1024	97.8%	(3.9%)
	2048	93.9%	(10.1%)
	4096	83.8%	(32.2%)
	8192	51.6%	(51.6%)
263000	mean = 98700.1	max = 177464
	128	100%	(0.1%)
	256	99.9%	(0.6%)
	512	99.3%	(2%)
	1024	97.3%	(3.7%)
	2048	93.6%	(10.4%)
	4096	83.2%	(31.9%)
	8192	51.3%	(51.3%)
264000	mean = 101625	max = 225784
	256	100%	(0.1%)
	512	99.9%	(0.9%)
	1024	99%	(3.1%)
	2048	95.9%	(10%)
	4096	85.9%	(32.3%)
	8192	53.6%	(53.5%)
	16384	0.1%	(0.1%)
265000	mean = 103822	max = 261212
	256	100%	(0.4%)
	512	99.6%	(1.3%)
	1024	98.3%	(3.3%)
	2048	95%	(8.7%)
	4096	86.3%	(31.6%)
	8192	54.7%	(54.5%)
	16384	0.2%	(0.2%)
266000	mean = 100949	max = 176580
	128	100%	(0.2%)
	256	99.8%	(0.4%)
	512	99.4%	(1.5%)
	1024	97.9%	(4.1%)
	2048	93.8%	(8.3%)
	4096	85.5%	(33.2%)
	8192	52.3%	(52.3%)
267000	mean = 100814	max = 268232
	128	100%	(0.1%)
	256	99.9%	(0.6%)
	512	99.3%	(1.4%)
	1024	97.9%	(4.7%)
	2048	93.2%	(8.1%)
	4096	85.1%	(32.2%)
	8192	52.9%	(52.7%)
	16384	0.2%	(0.2%)
268000	mean = 102157	max = 225960
	64	100%	(0.1%)
	256	99.9%	(0.2%)
	512	99.7%	(1.8%)
	1024	97.9%	(3.3%)
	2048	94.6%	(8.6%)
	4096	86%	(32.2%)
	8192	53.8%	(53.7%)
	16384	0.1%	(0.1%)
269000	mean = 104698	max = 261288
	256	100%	(0.4%)
	512	99.6%	(1.3%)
	1024	98.3%	(4.1%)
	2048	94.2%	(7.9%)
	4096	86.3%	(29.9%)
	8192	56.4%	(56.1%)
	16384	0.3%	(0.3%)
270000	mean = 100641	max = 214960
	256	100%	(0.1%)
	512	99.9%	(1.7%)
	1024	98.2%	(3.9%)
	2048	94.3%	(9.4%)
	4096	84.9%	(33.1%)
	8192	51.8%	(51.7%)
	16384	0.1%	(0.1%)
271000	mean = 101344	max = 186652
	256	100%	(1.2%)
	512	98.8%	(1.6%)
	1024	97.2%	(3.8%)
	2048	93.4%	(8.5%)
	4096	84.9%	(31.7%)
	8192	53.2%	(53.2%)
272000	mean = 102335	max = 225880
	256	100%	(0.5%)
	512	99.5%	(1.9%)
	1024	97.6%	(3.7%)
	2048	93.9%	(8.7%)
	4096	85.2%	(30.7%)
	8192	54.5%	(54.3%)
	16384	0.2%	(0.2%)
273000	mean = 100735	max = 178436
	256	100%	(0.4%)
	512	99.6%	(1.5%)
	1024	98.1%	(4%)
	2048	94.1%	(9.6%)
	4096	84.5%	(32.1%)
	8192	52.4%	(52.4%)
274000	mean = 101311	max = 262000
	128	100%	(0.2%)
	256	99.8%	(0.2%)
	512	99.6%	(1.4%)
	1024	98.2%	(3.4%)
	2048	94.8%	(9.3%)
	4096	85.5%	(33.9%)
	8192	51.6%	(51.5%)
	16384	0.1%	(0.1%)
275000	mean = 102319	max = 177292
	256	100%	(0.5%)
	512	99.5%	(1.2%)
	1024	98.3%	(4%)
	2048	94.3%	(8.3%)
	4096	86%	(31.5%)
	8192	54.5%	(54.5%)
276000	mean = 101251	max = 176544
	256	100%	(0.4%)
	512	99.6%	(1.5%)
	1024	98.1%	(4.5%)
	2048	93.6%	(9%)
	4096	84.6%	(32.4%)
	8192	52.2%	(52.2%)
277000	mean = 100239	max = 221364
	16	100%	(0.1%)
	256	99.9%	(0.8%)
	512	99.1%	(2.3%)
	1024	96.8%	(3.4%)
	2048	93.4%	(8.6%)
	4096	84.8%	(32.9%)
	8192	51.9%	(51.8%)
	16384	0.1%	(0.1%)
278000	mean = 101315	max = 257004
	64	100%	(0.1%)
	128	99.9%	(0.1%)
	256	99.8%	(0.3%)
	512	99.5%	(1.7%)
	1024	97.8%	(4%)
	2048	93.8%	(9.5%)
	4096	84.3%	(31.5%)
	8192	52.8%	(52.4%)
	16384	0.4%	(0.4%)
279000	mean = 100655	max = 177500
	256	100%	(0.2%)
	512	99.8%	(1.8%)
	1024	98%	(4.2%)
	2048	93.8%	(9.2%)
	4096	84.6%	(31.4%)
	8192	53.2%	(53.2%)
280000	mean = 102151	max = 257356
	256	100%	(0.1%)
	512	99.9%	(1.5%)
	1024	98.4%	(3.5%)
	2048	94.9%	(9.5%)
	4096	85.4%	(31.4%)
	8192	54%	(53.9%)
	16384	0.1%	(0.1%)
281000	mean = 100535	max = 244092
	256	100%	(0.2%)
	512	99.8%	(1.9%)
	1024	97.9%	(3.5%)
	2048	94.4%	(9.5%)
	4096	84.9%	(33.9%)
	8192	51%	(50.9%)
	16384	0.1%	(0.1%)
282000	mean = 102767	max = 250640
	256	100%	(0.4%)
	512	99.6%	(1.2%)
	1024	98.4%	(4.5%)
	2048	93.9%	(8.6%)
	4096	85.3%	(30.7%)
	8192	54.6%	(54.5%)
	16384	0.1%	(0.1%)
283000	mean = 100694	max = 225320
	128	100%	(0.1%)
	256	99.9%	(0.2%)
	512	99.7%	(1.5%)
	1024	98.2%	(4.6%)
	2048	93.6%	(9.4%)
	4096	84.2%	(30.3%)
	8192	53.9%	(53.8%)
	16384	0.1%	(0.1%)
284000	mean = 102315	max = 232716
	256	100%	(0.4%)
	512	99.6%	(1.9%)
	1024	97.7%	(3.9%)
	2048	93.8%	(9.1%)
	4096	84.7%	(30.3%)
	8192	54.4%	(54.3%)
	16384	0.1%	(0.1%)
285000	mean = 102343	max = 196040
	64	100%	(0.2%)
	256	99.8%	(0.5%)
	512	99.3%	(1.3%)
	1024	98%	(3.7%)
	2048	94.3%	(9.4%)
	4096	84.9%	(30.4%)
	8192	54.5%	(54.5%)
286000	mean = 102334	max = 259100
	256	100%	(0.3%)
	512	99.7%	(2%)
	1024	97.7%	(3.5%)
	2048	94.2%	(8.3%)
	4096	85.9%	(32.5%)
	8192	53.4%	(53.3%)
	16384	0.1%	(0.1%)
287000	mean = 101000	max = 252948
	64	100%	(0.1%)
	256	99.9%	(0.3%)
	512	99.6%	(0.9%)
	1024	98.7%	(4.2%)
	2048	94.5%	(8.7%)
	4096	85.8%	(34.2%)
	8192	51.6%	(51.4%)
	16384	0.2%	(0.2%)
288000	mean = 101297	max = 256220
	64	100%	(0.1%)
	256	99.9%	(0.2%)
	512	99.7%	(1.8%)
	1024	97.9%	(4.4%)
	2048	93.5%	(9.7%)
	4096	83.8%	(31.7%)
	8192	52.1%	(51.9%)
	16384	0.2%	(0.2%)
289000	mean = 104143	max = 257136
	128	100%	(0.1%)
	256	99.9%	(0.4%)
	512	99.5%	(1.2%)
	1024	98.3%	(3.4%)
	2048	94.9%	(8.4%)
	4096	86.5%	(31.3%)
	8192	55.2%	(54.8%)
	16384	0.4%	(0.4%)
290000	mean = 101010	max = 190540
	64	100%	(0.1%)
	256	99.9%	(0.5%)
	512	99.4%	(1.2%)
	1024	98.2%	(3.7%)
	2048	94.5%	(8%)
	4096	86.5%	(34.9%)
	8192	51.6%	(51.6%)
291000	mean = 104626	max = 178224
	256	100%	(0.2%)
	512	99.8%	(1.1%)
	1024	98.7%	(4.2%)
	2048	94.5%	(8.2%)
	4096	86.3%	(29.3%)
	8192	57%	(57%)
292000	mean = 102541	max = 225972
	256	100%	(0.3%)
	512	99.7%	(1.5%)
	1024	98.2%	(3.6%)
	2048	94.6%	(7.9%)
	4096	86.7%	(33%)
	8192	53.7%	(53.6%)
	16384	0.1%	(0.1%)
293000	mean = 101750	max = 235076
	256	100%	(0.4%)
	512	99.6%	(1.6%)
	1024	98%	(4.4%)
	2048	93.6%	(8.6%)
	4096	85%	(31.8%)
	8192	53.2%	(53.1%)
	16384	0.1%	(0.1%)
294000	mean = 102740	max = 222324
	256	100%	(0.4%)
	512	99.6%	(1.9%)
	1024	97.7%	(3.8%)
	2048	93.9%	(8.5%)
	4096	85.4%	(30.7%)
	8192	54.7%	(54.6%)
	16384	0.1%	(0.1%)
295000	mean = 103591	max = 245328
	128	100%	(0.1%)
	256	99.9%	(0.8%)
	512	99.1%	(1.1%)
	1024	98%	(3.2%)
	2048	94.8%	(8.5%)
	4096	86.3%	(31.9%)
	8192	54.4%	(54.2%)
	16384	0.2%	(0.2%)
296000	mean = 99774.5	max = 177220
	256	100%	(0.3%)
	512	99.7%	(1.5%)
	1024	98.2%	(4.3%)
	2048	93.9%	(10.1%)
	4096	83.8%	(31.4%)
	8192	52.4%	(52.4%)
297000	mean = 102081	max = 194752
	256	100%	(0.4%)
	512	99.6%	(1.1%)
	1024	98.5%	(3.5%)
	2048	95%	(10.2%)
	4096	84.8%	(30.2%)
	8192	54.6%	(54.6%)
298000	mean = 101889	max = 189324
	64	100%	(0.1%)
	256	99.9%	(0.5%)
	512	99.4%	(1.7%)
	1024	97.7%	(4.3%)
	2048	93.4%	(8.1%)
	4096	85.3%	(31.7%)
	8192	53.6%	(53.6%)
299000	mean = 103403	max = 228652
	32	100%	(0.1%)
	256	99.9%	(0.2%)
	512	99.7%	(1.9%)
	1024	97.8%	(4.2%)
	2048	93.6%	(7.9%)
	4096	85.7%	(30.2%)
	8192	55.5%	(55.4%)
	16384	0.1%	(0.1%)
300000	mean = 100546	max = 246004
	128	100%	(0.1%)
	256	99.9%	(0.6%)
	512	99.3%	(1.8%)
	1024	97.5%	(3.2%)
	2048	94.3%	(9.6%)
	4096	84.7%	(31.8%)
	8192	52.9%	(52.7%)
	16384	0.2%	(0.2%)
4-tuple pattern 0123 is saved to model-300k
4-tuple pattern 4567 is saved to model-300k
4-tuple pattern 569a is saved to model-300k
5-tuple pattern 01567 is saved to model-300k
5-tuple pattern 459ab is saved to model-300k
6-tuple pattern 012345 is saved to model-300k
6-tuple pattern 456789 is saved to model-300k
6-tuple pattern 012456 is saved to model-300k
6-tuple pattern 45689a is saved to model-300k
